# JRE version: OpenJDK Runtime Environment Temurin-17.0.8.1+1 (17.0.8.1+1) (build 17.0.8.1+1)
# Java VM: OpenJDK 64-Bit Server VM Temurin-17.0.8.1+1 (17.0.8.1+1, mixed mode, tiered, compressed oops, compressed class ptrs, parallel gc, windows-amd64)
GC Precious Log:
 CPUs: 6 total, 6 available
 Memory: 16365M
 Large Page Support: Disabled
 NUMA Support: Disabled
 Compressed Oops: Enabled (32-bit)
 Alignments: Space 512K, Generation 512K, Heap 2M
 Heap Min Capacity: 100M
 Heap Initial Capacity: 100M
 Heap Max Capacity: 1G
 Pre-touch: Disabled
 Parallel Workers: 6
Heap:
 PSYoungGen      total 5120K, used 2046K [0x00000000eab00000, 0x00000000eb680000, 0x0000000100000000)
  eden space 3072K, 0% used [0x00000000eab00000,0x00000000eab00000,0x00000000eae00000)
  from space 2048K, 99% used [0x00000000eb180000,0x00000000eb37fb10,0x00000000eb380000)
  to   space 3584K, 0% used [0x00000000eae00000,0x00000000eae00000,0x00000000eb180000)
 ParOldGen       total 157184K, used 156316K [0x00000000c0000000, 0x00000000c9980000, 0x00000000eab00000)
  object space 157184K, 99% used [0x00000000c0000000,0x00000000c98a70d8,0x00000000c9980000)
 Metaspace       used 69844K, committed 71040K, reserved 1114112K
  class space    used 7353K, committed 7872K, reserved 1048576K
GC Heap History (20 events):
Event: 352.464 GC heap after
{Heap after GC invocations=103 (full 7):
 PSYoungGen      total 6144K, used 1536K [0x00000000eab00000, 0x00000000eb380000, 0x0000000100000000)
  eden space 4608K, 0% used [0x00000000eab00000,0x00000000eab00000,0x00000000eaf80000)
  from space 1536K, 100% used [0x00000000eaf80000,0x00000000eb100000,0x00000000eb100000)
  to   space 2048K, 0% used [0x00000000eb180000,0x00000000eb180000,0x00000000eb380000)
 ParOldGen       total 157184K, used 150908K [0x00000000c0000000, 0x00000000c9980000, 0x00000000eab00000)
  object space 157184K, 96% used [0x00000000c0000000,0x00000000c935f0d8,0x00000000c9980000)
 Metaspace       used 69834K, committed 70976K, reserved 1114112K
  class space    used 7353K, committed 7872K, reserved 1048576K
}
Event: 352.677 GC heap before
{Heap before GC invocations=104 (full 7):
 PSYoungGen      total 6144K, used 6144K [0x00000000eab00000, 0x00000000eb380000, 0x0000000100000000)
  eden space 4608K, 100% used [0x00000000eab00000,0x00000000eaf80000,0x00000000eaf80000)
  from space 1536K, 100% used [0x00000000eaf80000,0x00000000eb100000,0x00000000eb100000)
  to   space 2048K, 0% used [0x00000000eb180000,0x00000000eb180000,0x00000000eb380000)
 ParOldGen       total 157184K, used 150908K [0x00000000c0000000, 0x00000000c9980000, 0x00000000eab00000)
  object space 157184K, 96% used [0x00000000c0000000,0x00000000c935f0d8,0x00000000c9980000)
 Metaspace       used 69834K, committed 70976K, reserved 1114112K
  class space    used 7353K, committed 7872K, reserved 1048576K
}
Event: 352.685 GC heap after
{Heap after GC invocations=104 (full 7):
 PSYoungGen      total 6144K, used 1088K [0x00000000eab00000, 0x00000000eb300000, 0x0000000100000000)
  eden space 4608K, 0% used [0x00000000eab00000,0x00000000eab00000,0x00000000eaf80000)
  from space 1536K, 70% used [0x00000000eb180000,0x00000000eb290000,0x00000000eb300000)
  to   space 1536K, 0% used [0x00000000eaf80000,0x00000000eaf80000,0x00000000eb100000)
 ParOldGen       total 157184K, used 151940K [0x00000000c0000000, 0x00000000c9980000, 0x00000000eab00000)
  object space 157184K, 96% used [0x00000000c0000000,0x00000000c94610d8,0x00000000c9980000)
 Metaspace       used 69834K, committed 70976K, reserved 1114112K
  class space    used 7353K, committed 7872K, reserved 1048576K
}
Event: 352.962 GC heap before
{Heap before GC invocations=105 (full 7):
 PSYoungGen      total 6144K, used 5696K [0x00000000eab00000, 0x00000000eb300000, 0x0000000100000000)
  eden space 4608K, 100% used [0x00000000eab00000,0x00000000eaf80000,0x00000000eaf80000)
  from space 1536K, 70% used [0x00000000eb180000,0x00000000eb290000,0x00000000eb300000)
  to   space 1536K, 0% used [0x00000000eaf80000,0x00000000eaf80000,0x00000000eb100000)
 ParOldGen       total 157184K, used 151940K [0x00000000c0000000, 0x00000000c9980000, 0x00000000eab00000)
  object space 157184K, 96% used [0x00000000c0000000,0x00000000c94610d8,0x00000000c9980000)
 Metaspace       used 69834K, committed 70976K, reserved 1114112K
  class space    used 7353K, committed 7872K, reserved 1048576K
}
Event: 352.970 GC heap after
{Heap after GC invocations=105 (full 7):
 PSYoungGen      total 6144K, used 1536K [0x00000000eab00000, 0x00000000eb380000, 0x0000000100000000)
  eden space 4608K, 0% used [0x00000000eab00000,0x00000000eab00000,0x00000000eaf80000)
  from space 1536K, 100% used [0x00000000eaf80000,0x00000000eb100000,0x00000000eb100000)
  to   space 2048K, 0% used [0x00000000eb180000,0x00000000eb180000,0x00000000eb380000)
 ParOldGen       total 157184K, used 151964K [0x00000000c0000000, 0x00000000c9980000, 0x00000000eab00000)
  object space 157184K, 96% used [0x00000000c0000000,0x00000000c94670d8,0x00000000c9980000)
 Metaspace       used 69834K, committed 70976K, reserved 1114112K
  class space    used 7353K, committed 7872K, reserved 1048576K
}
Event: 353.398 GC heap before
{Heap before GC invocations=106 (full 7):
 PSYoungGen      total 6144K, used 6144K [0x00000000eab00000, 0x00000000eb380000, 0x0000000100000000)
  eden space 4608K, 100% used [0x00000000eab00000,0x00000000eaf80000,0x00000000eaf80000)
  from space 1536K, 100% used [0x00000000eaf80000,0x00000000eb100000,0x00000000eb100000)
  to   space 2048K, 0% used [0x00000000eb180000,0x00000000eb180000,0x00000000eb380000)
 ParOldGen       total 157184K, used 151964K [0x00000000c0000000, 0x00000000c9980000, 0x00000000eab00000)
  object space 157184K, 96% used [0x00000000c0000000,0x00000000c94670d8,0x00000000c9980000)
 Metaspace       used 69834K, committed 70976K, reserved 1114112K
  class space    used 7353K, committed 7872K, reserved 1048576K
}
Event: 353.407 GC heap after
{Heap after GC invocations=106 (full 7):
 PSYoungGen      total 6144K, used 1088K [0x00000000eab00000, 0x00000000eb300000, 0x0000000100000000)
  eden space 4608K, 0% used [0x00000000eab00000,0x00000000eab00000,0x00000000eaf80000)
  from space 1536K, 70% used [0x00000000eb180000,0x00000000eb290000,0x00000000eb300000)
  to   space 1536K, 0% used [0x00000000eaf80000,0x00000000eaf80000,0x00000000eb100000)
 ParOldGen       total 157184K, used 152988K [0x00000000c0000000, 0x00000000c9980000, 0x00000000eab00000)
  object space 157184K, 97% used [0x00000000c0000000,0x00000000c95670d8,0x00000000c9980000)
 Metaspace       used 69834K, committed 70976K, reserved 1114112K
  class space    used 7353K, committed 7872K, reserved 1048576K
}
Event: 353.827 GC heap before
{Heap before GC invocations=107 (full 7):
 PSYoungGen      total 6144K, used 5696K [0x00000000eab00000, 0x00000000eb300000, 0x0000000100000000)
  eden space 4608K, 100% used [0x00000000eab00000,0x00000000eaf80000,0x00000000eaf80000)
  from space 1536K, 70% used [0x00000000eb180000,0x00000000eb290000,0x00000000eb300000)
  to   space 1536K, 0% used [0x00000000eaf80000,0x00000000eaf80000,0x00000000eb100000)
 ParOldGen       total 157184K, used 152988K [0x00000000c0000000, 0x00000000c9980000, 0x00000000eab00000)
  object space 157184K, 97% used [0x00000000c0000000,0x00000000c95670d8,0x00000000c9980000)
 Metaspace       used 69834K, committed 70976K, reserved 1114112K
  class space    used 7353K, committed 7872K, reserved 1048576K
}
Event: 353.834 GC heap after
{Heap after GC invocations=107 (full 7):
 PSYoungGen      total 6144K, used 1536K [0x00000000eab00000, 0x00000000eb380000, 0x0000000100000000)
  eden space 4608K, 0% used [0x00000000eab00000,0x00000000eab00000,0x00000000eaf80000)
  from space 1536K, 100% used [0x00000000eaf80000,0x00000000eb100000,0x00000000eb100000)
  to   space 2048K, 0% used [0x00000000eb180000,0x00000000eb180000,0x00000000eb380000)
 ParOldGen       total 157184K, used 153060K [0x00000000c0000000, 0x00000000c9980000, 0x00000000eab00000)
  object space 157184K, 97% used [0x00000000c0000000,0x00000000c95790d8,0x00000000c9980000)
 Metaspace       used 69834K, committed 70976K, reserved 1114112K
  class space    used 7353K, committed 7872K, reserved 1048576K
}
Event: 354.505 GC heap before
{Heap before GC invocations=108 (full 7):
 PSYoungGen      total 6144K, used 6144K [0x00000000eab00000, 0x00000000eb380000, 0x0000000100000000)
  eden space 4608K, 100% used [0x00000000eab00000,0x00000000eaf80000,0x00000000eaf80000)
  from space 1536K, 100% used [0x00000000eaf80000,0x00000000eb100000,0x00000000eb100000)
  to   space 2048K, 0% used [0x00000000eb180000,0x00000000eb180000,0x00000000eb380000)
 ParOldGen       total 157184K, used 153060K [0x00000000c0000000, 0x00000000c9980000, 0x00000000eab00000)
  object space 157184K, 97% used [0x00000000c0000000,0x00000000c95790d8,0x00000000c9980000)
 Metaspace       used 69834K, committed 70976K, reserved 1114112K
  class space    used 7353K, committed 7872K, reserved 1048576K
}
Event: 354.513 GC heap after
{Heap after GC invocations=108 (full 7):
 PSYoungGen      total 6144K, used 1111K [0x00000000eab00000, 0x00000000eb300000, 0x0000000100000000)
  eden space 4608K, 0% used [0x00000000eab00000,0x00000000eab00000,0x00000000eaf80000)
  from space 1536K, 72% used [0x00000000eb180000,0x00000000eb295fa0,0x00000000eb300000)
  to   space 1536K, 0% used [0x00000000eaf80000,0x00000000eaf80000,0x00000000eb100000)
 ParOldGen       total 157184K, used 154092K [0x00000000c0000000, 0x00000000c9980000, 0x00000000eab00000)
  object space 157184K, 98% used [0x00000000c0000000,0x00000000c967b0d8,0x00000000c9980000)
 Metaspace       used 69834K, committed 70976K, reserved 1114112K
  class space    used 7353K, committed 7872K, reserved 1048576K
}
Event: 355.120 GC heap before
{Heap before GC invocations=109 (full 7):
 PSYoungGen      total 6144K, used 5719K [0x00000000eab00000, 0x00000000eb300000, 0x0000000100000000)
  eden space 4608K, 100% used [0x00000000eab00000,0x00000000eaf80000,0x00000000eaf80000)
  from space 1536K, 72% used [0x00000000eb180000,0x00000000eb295fa0,0x00000000eb300000)
  to   space 1536K, 0% used [0x00000000eaf80000,0x00000000eaf80000,0x00000000eb100000)
 ParOldGen       total 157184K, used 154092K [0x00000000c0000000, 0x00000000c9980000, 0x00000000eab00000)
  object space 157184K, 98% used [0x00000000c0000000,0x00000000c967b0d8,0x00000000c9980000)
 Metaspace       used 69834K, committed 70976K, reserved 1114112K
  class space    used 7353K, committed 7872K, reserved 1048576K
}
Event: 355.129 GC heap after
{Heap after GC invocations=109 (full 7):
 PSYoungGen      total 6144K, used 1536K [0x00000000eab00000, 0x00000000eb380000, 0x0000000100000000)
  eden space 4608K, 0% used [0x00000000eab00000,0x00000000eab00000,0x00000000eaf80000)
  from space 1536K, 100% used [0x00000000eaf80000,0x00000000eb100000,0x00000000eb100000)
  to   space 2048K, 0% used [0x00000000eb180000,0x00000000eb180000,0x00000000eb380000)
 ParOldGen       total 157184K, used 154100K [0x00000000c0000000, 0x00000000c9980000, 0x00000000eab00000)
  object space 157184K, 98% used [0x00000000c0000000,0x00000000c967d0d8,0x00000000c9980000)
 Metaspace       used 69834K, committed 70976K, reserved 1114112K
  class space    used 7353K, committed 7872K, reserved 1048576K
}
Event: 355.648 GC heap before
{Heap before GC invocations=110 (full 7):
 PSYoungGen      total 6144K, used 6144K [0x00000000eab00000, 0x00000000eb380000, 0x0000000100000000)
  eden space 4608K, 100% used [0x00000000eab00000,0x00000000eaf80000,0x00000000eaf80000)
  from space 1536K, 100% used [0x00000000eaf80000,0x00000000eb100000,0x00000000eb100000)
  to   space 2048K, 0% used [0x00000000eb180000,0x00000000eb180000,0x00000000eb380000)
 ParOldGen       total 157184K, used 154100K [0x00000000c0000000, 0x00000000c9980000, 0x00000000eab00000)
  object space 157184K, 98% used [0x00000000c0000000,0x00000000c967d0d8,0x00000000c9980000)
 Metaspace       used 69834K, committed 70976K, reserved 1114112K
  class space    used 7353K, committed 7872K, reserved 1048576K
}
Event: 355.657 GC heap after
{Heap after GC invocations=110 (full 7):
 PSYoungGen      total 6144K, used 1152K [0x00000000eab00000, 0x00000000eb300000, 0x0000000100000000)
  eden space 4608K, 0% used [0x00000000eab00000,0x00000000eab00000,0x00000000eaf80000)
  from space 1536K, 75% used [0x00000000eb180000,0x00000000eb2a0000,0x00000000eb300000)
  to   space 1536K, 0% used [0x00000000eaf80000,0x00000000eaf80000,0x00000000eb100000)
 ParOldGen       total 157184K, used 155100K [0x00000000c0000000, 0x00000000c9980000, 0x00000000eab00000)
  object space 157184K, 98% used [0x00000000c0000000,0x00000000c97770d8,0x00000000c9980000)
 Metaspace       used 69834K, committed 70976K, reserved 1114112K
  class space    used 7353K, committed 7872K, reserved 1048576K
}
Event: 356.400 GC heap before
{Heap before GC invocations=111 (full 7):
 PSYoungGen      total 6144K, used 5760K [0x00000000eab00000, 0x00000000eb300000, 0x0000000100000000)
  eden space 4608K, 100% used [0x00000000eab00000,0x00000000eaf80000,0x00000000eaf80000)
  from space 1536K, 75% used [0x00000000eb180000,0x00000000eb2a0000,0x00000000eb300000)
  to   space 1536K, 0% used [0x00000000eaf80000,0x00000000eaf80000,0x00000000eb100000)
 ParOldGen       total 157184K, used 155100K [0x00000000c0000000, 0x00000000c9980000, 0x00000000eab00000)
  object space 157184K, 98% used [0x00000000c0000000,0x00000000c97770d8,0x00000000c9980000)
 Metaspace       used 69838K, committed 71040K, reserved 1114112K
  class space    used 7353K, committed 7872K, reserved 1048576K
}
Event: 356.409 GC heap after
{Heap after GC invocations=111 (full 7):
 PSYoungGen      total 6144K, used 1534K [0x00000000eab00000, 0x00000000eb380000, 0x0000000100000000)
  eden space 4608K, 0% used [0x00000000eab00000,0x00000000eab00000,0x00000000eaf80000)
  from space 1536K, 99% used [0x00000000eaf80000,0x00000000eb0ff990,0x00000000eb100000)
  to   space 2048K, 0% used [0x00000000eb180000,0x00000000eb180000,0x00000000eb380000)
 ParOldGen       total 157184K, used 155420K [0x00000000c0000000, 0x00000000c9980000, 0x00000000eab00000)
  object space 157184K, 98% used [0x00000000c0000000,0x00000000c97c70d8,0x00000000c9980000)
 Metaspace       used 69838K, committed 71040K, reserved 1114112K
  class space    used 7353K, committed 7872K, reserved 1048576K
}
Event: 356.830 GC heap before
{Heap before GC invocations=112 (full 7):
 PSYoungGen      total 6144K, used 6133K [0x00000000eab00000, 0x00000000eb380000, 0x0000000100000000)
  eden space 4608K, 99% used [0x00000000eab00000,0x00000000eaf7dcc0,0x00000000eaf80000)
  from space 1536K, 99% used [0x00000000eaf80000,0x00000000eb0ff990,0x00000000eb100000)
  to   space 2048K, 0% used [0x00000000eb180000,0x00000000eb180000,0x00000000eb380000)
 ParOldGen       total 157184K, used 155420K [0x00000000c0000000, 0x00000000c9980000, 0x00000000eab00000)
  object space 157184K, 98% used [0x00000000c0000000,0x00000000c97c70d8,0x00000000c9980000)
 Metaspace       used 69844K, committed 71040K, reserved 1114112K
  class space    used 7353K, committed 7872K, reserved 1048576K
}
Event: 356.839 GC heap after
{Heap after GC invocations=112 (full 7):
 PSYoungGen      total 5120K, used 2046K [0x00000000eab00000, 0x00000000eb680000, 0x0000000100000000)
  eden space 3072K, 0% used [0x00000000eab00000,0x00000000eab00000,0x00000000eae00000)
  from space 2048K, 99% used [0x00000000eb180000,0x00000000eb37fb10,0x00000000eb380000)
  to   space 3584K, 0% used [0x00000000eae00000,0x00000000eae00000,0x00000000eb180000)
 ParOldGen       total 157184K, used 156316K [0x00000000c0000000, 0x00000000c9980000, 0x00000000eab00000)
  object space 157184K, 99% used [0x00000000c0000000,0x00000000c98a70d8,0x00000000c9980000)
 Metaspace       used 69844K, committed 71040K, reserved 1114112K
  class space    used 7353K, committed 7872K, reserved 1048576K
}
Event: 356.839 GC heap before
{Heap before GC invocations=113 (full 8):
 PSYoungGen      total 5120K, used 2046K [0x00000000eab00000, 0x00000000eb680000, 0x0000000100000000)
  eden space 3072K, 0% used [0x00000000eab00000,0x00000000eab00000,0x00000000eae00000)
  from space 2048K, 99% used [0x00000000eb180000,0x00000000eb37fb10,0x00000000eb380000)
  to   space 3584K, 0% used [0x00000000eae00000,0x00000000eae00000,0x00000000eb180000)
 ParOldGen       total 157184K, used 156316K [0x00000000c0000000, 0x00000000c9980000, 0x00000000eab00000)
  object space 157184K, 99% used [0x00000000c0000000,0x00000000c98a70d8,0x00000000c9980000)
 Metaspace       used 69844K, committed 71040K, reserved 1114112K
  class space    used 7353K, committed 7872K, reserved 1048576K
}

